<?xml version="1.0" encoding="UTF-8"?>
<!-- Generated by org.testng.reporters.JUnitReportReporter -->
<testsuite hostname="SanjivaniK-LPT-234" failures="0" tests="1" name="webAutomation.LoginTest.positivelogintest.PositiveLoginTest" time="19.626" errors="0" timestamp="2020-01-09T15:13:06 IST" skipped="0">
  <testcase classname="webAutomation.LoginTest.positivelogintest.PositiveLoginTest" name="positive_Login" time="19.626"/>
</testsuite> <!-- webAutomation.LoginTest.positivelogintest.PositiveLoginTest -->
