<?xml version="1.0" encoding="UTF-8"?>
<!-- Generated by org.testng.reporters.JUnitReportReporter -->
<testsuite hostname="SanjivaniK-LPT-234" failures="0" tests="2" name="webAutomation.LoginTest.negativelogintest.NegativeLoginTest" time="41.761" errors="0" timestamp="2020-01-09T13:39:18 IST" skipped="0">
  <testcase classname="webAutomation.LoginTest.negativelogintest.NegativeLoginTest" name="negativeTest" time="19.383"/>
  <testcase classname="webAutomation.LoginTest.negativelogintest.NegativeLoginTest" name="negativeTest" time="22.378"/>
</testsuite> <!-- webAutomation.LoginTest.negativelogintest.NegativeLoginTest -->
